SF:lib\core\utils\test_mode_checker.dart
DA:4,2
DA:5,4
DA:6,6
LF:3
LH:3
end_of_record
SF:lib\features\home\data\data-sources\impl\home_visualizer_platform_data_source_impl.dart
DA:9,1
DA:11,1
DA:12,1
DA:13,3
DA:16,1
DA:18,1
DA:19,1
DA:20,3
LF:8
LH:8
end_of_record
SF:lib\features\home\data\models\home_visualizer_bands_model.dart
DA:4,2
DA:15,2
DA:16,2
DA:17,2
DA:18,2
DA:19,2
DA:20,2
DA:21,2
DA:22,2
DA:23,2
DA:24,2
LF:11
LH:11
end_of_record
SF:lib\features\home\domain\entities\home_visualizer_bands_entity.dart
DA:11,2
LF:1
LH:1
end_of_record
SF:lib\features\home\data\repositories\home_visualizer_repository_impl.dart
DA:9,1
DA:15,1
DA:18,2
DA:20,1
DA:22,3
DA:26,1
DA:29,2
DA:30,1
DA:32,3
LF:9
LH:9
end_of_record
SF:lib\core\errors\failures.dart
DA:8,0
DA:12,0
DA:20,0
DA:21,0
DA:22,0
LF:5
LH:0
end_of_record
SF:lib\features\home\domain\use_cases\get_home_visualizer_live_output_audio_stream.dart
DA:9,1
DA:13,1
DA:15,2
LF:3
LH:3
end_of_record
SF:lib\features\home\domain\use_cases\get_home_visualizer_perceptual_bands_stream.dart
DA:10,1
DA:13,1
DA:15,2
LF:3
LH:3
end_of_record
SF:lib\features\home\presentation\state_controllers\home_visualizer_state_controller.dart
DA:11,0
DA:13,0
DA:23,0
DA:42,0
DA:44,0
DA:46,0
DA:47,0
DA:48,0
DA:50,0
DA:52,0
DA:57,0
DA:58,0
DA:59,0
DA:60,0
DA:61,0
DA:67,0
DA:70,0
DA:72,0
DA:73,0
DA:76,0
DA:77,0
DA:79,0
DA:80,0
DA:81,0
DA:86,0
DA:87,0
DA:88,0
DA:89,0
DA:101,0
DA:109,0
DA:115,0
DA:117,0
DA:118,0
DA:119,0
DA:124,0
DA:125,0
DA:126,0
DA:130,0
DA:131,0
DA:135,0
DA:136,0
DA:137,0
DA:138,0
DA:139,0
DA:140,0
DA:141,0
DA:142,0
DA:143,0
LF:48
LH:0
end_of_record
SF:lib\core\theme\color_palette.dart
DA:37,0
DA:42,0
LF:2
LH:0
end_of_record
SF:lib\shared\widgets\failure_widget.dart
DA:7,1
DA:10,1
DA:12,1
DA:13,1
DA:15,1
DA:17,3
DA:18,4
LF:7
LH:7
end_of_record
SF:lib\shared\utils\custom_dialogs.dart
DA:5,1
DA:6,3
LF:2
LH:2
end_of_record
SF:lib\shared\widgets\custom_loading_widget.dart
DA:4,0
DA:6,0
LF:2
LH:0
end_of_record
SF:lib\shared\entities\audio_item_entity.dart
DA:19,2
LF:1
LH:1
end_of_record
SF:lib\shared\models\audio_item_model.dart
DA:32,3
DA:42,2
DA:43,2
DA:44,2
DA:45,2
DA:46,2
DA:47,2
DA:48,2
DA:49,2
DA:50,2
DA:54,2
DA:56,2
DA:57,2
DA:58,2
DA:59,2
DA:60,2
DA:61,2
DA:62,2
DA:63,2
LF:19
LH:19
end_of_record
SF:lib\shared\models\audio_item_model.g.dart
DA:13,0
DA:15,0
DA:16,0
DA:17,0
DA:19,0
DA:20,0
DA:21,0
DA:22,0
DA:23,0
DA:24,0
DA:25,0
DA:26,0
DA:30,0
DA:33,0
DA:34,0
DA:35,0
DA:36,0
DA:37,0
DA:38,0
DA:39,0
DA:40,0
DA:41,0
DA:42,0
DA:43,0
DA:44,0
DA:45,0
DA:46,0
DA:47,0
DA:50,0
DA:51,0
DA:53,0
DA:56,0
DA:57,0
DA:58,0
LF:34
LH:0
end_of_record
SF:lib\features\tracks_list\data\data-sources\impls\tracks_list_data_source_impl.dart
DA:20,2
DA:25,0
DA:28,1
DA:30,2
DA:36,1
DA:41,2
DA:44,2
DA:47,1
DA:48,2
DA:49,2
DA:50,2
DA:51,1
DA:55,1
DA:56,2
DA:57,3
DA:58,3
DA:60,1
DA:64,2
DA:65,1
DA:67,1
DA:71,1
DA:73,2
DA:74,2
DA:79,1
DA:80,1
DA:81,1
DA:83,1
DA:87,1
DA:89,1
DA:90,0
DA:92,1
DA:97,1
DA:98,2
DA:100,3
DA:102,4
DA:103,1
DA:104,1
DA:105,1
DA:106,1
DA:107,3
DA:108,3
DA:109,3
DA:116,1
DA:118,2
DA:121,1
DA:123,3
DA:125,2
DA:126,3
DA:128,1
DA:129,3
DA:131,1
DA:132,5
DA:134,1
DA:135,3
DA:136,1
DA:144,1
DA:146,1
DA:149,2
DA:153,1
DA:154,3
DA:155,5
DA:156,1
DA:161,1
DA:163,1
DA:165,1
DA:168,1
DA:170,3
DA:172,2
DA:173,2
DA:174,1
DA:176,2
DA:178,5
DA:180,4
DA:181,7
DA:183,1
DA:184,2
DA:185,1
DA:186,2
DA:189,2
DA:191,2
DA:194,1
DA:195,2
DA:196,5
DA:199,2
DA:201,2
LF:85
LH:83
end_of_record
SF:lib\features\tracks_list\data\models\tracks_list_directory_model.dart
DA:22,3
DA:29,2
DA:30,2
DA:31,2
DA:32,2
DA:33,2
DA:34,8
DA:38,1
DA:40,1
DA:41,1
DA:42,1
DA:43,1
DA:44,5
LF:13
LH:13
end_of_record
SF:lib\features\tracks_list\data\models\tracks_list_directory_model.g.dart
DA:14,0
DA:16,0
DA:17,0
DA:18,0
DA:20,0
DA:21,0
DA:22,0
DA:23,0
DA:24,0
DA:28,0
DA:31,0
DA:32,0
DA:33,0
DA:34,0
DA:35,0
DA:36,0
DA:37,0
DA:38,0
DA:39,0
DA:42,0
DA:43,0
DA:45,0
DA:48,0
DA:49,0
DA:50,0
LF:25
LH:0
end_of_record
SF:lib\features\tracks_list\domain\entities\tracks_list_directory_entity.dart
DA:12,1
LF:1
LH:1
end_of_record
SF:lib\features\tracks_list\data\repositories\tracks_list_repository_impl.dart
DA:10,2
DA:16,1
DA:19,2
DA:20,2
DA:22,3
DA:26,1
DA:29,3
DA:31,1
DA:33,3
DA:37,1
DA:40,2
DA:42,5
DA:44,3
DA:48,1
DA:51,2
DA:53,1
DA:55,3
DA:59,1
DA:62,2
DA:64,1
DA:66,3
DA:70,1
DA:73,2
DA:74,1
DA:76,3
LF:25
LH:25
end_of_record
SF:lib\features\tracks_list\domain\use_cases\delete_tracks_list_directory.dart
DA:8,2
DA:11,1
DA:13,2
LF:3
LH:3
end_of_record
SF:lib\features\tracks_list\domain\use_cases\get_track_list_directories.dart
DA:9,2
DA:11,1
DA:15,2
LF:3
LH:3
end_of_record
SF:lib\features\tracks_list\domain\use_cases\is_tracks_list_directory_exists.dart
DA:8,2
DA:11,1
DA:13,2
LF:3
LH:3
end_of_record
SF:lib\features\tracks_list\domain\use_cases\pick_tracks_list_directory.dart
DA:10,2
DA:11,1
DA:15,2
LF:3
LH:3
end_of_record
SF:lib\features\tracks_list\domain\use_cases\save_tracks_list_directory.dart
DA:8,2
DA:10,1
DA:12,2
LF:3
LH:3
end_of_record
SF:lib\features\tracks_list\domain\use_cases\tracks_list_sync_audios_uc.dart
DA:8,1
DA:10,1
DA:12,2
LF:3
LH:3
end_of_record
SF:lib\features\tracks_list\presentation\bindings\tracks_list_bindings.dart
DA:12,1
DA:18,1
DA:21,2
DA:24,1
DA:25,1
DA:26,1
DA:30,1
DA:32,1
DA:36,1
DA:37,1
DA:38,1
DA:39,1
DA:40,1
DA:43,2
DA:44,1
DA:51,1
LF:16
LH:16
end_of_record
SF:lib\features\tracks_list\presentation\state_controllers\tracks_list_state_controller.dart
DA:20,2
DA:36,1
DA:38,2
DA:41,1
DA:42,1
DA:44,2
DA:46,2
DA:47,0
DA:49,1
DA:51,1
DA:52,1
DA:53,0
DA:57,1
DA:59,2
DA:61,1
DA:63,2
DA:66,1
DA:67,2
DA:69,2
DA:71,1
DA:72,1
DA:73,2
DA:75,1
DA:77,3
DA:78,1
DA:83,2
DA:86,1
DA:87,4
DA:89,1
DA:90,1
DA:91,2
DA:93,1
DA:94,2
DA:99,1
DA:100,5
DA:102,3
DA:104,2
DA:107,3
DA:109,2
DA:110,2
DA:113,1
DA:116,1
DA:118,2
DA:120,5
DA:123,1
DA:125,2
DA:127,5
DA:128,1
DA:129,2
DA:130,2
DA:131,1
DA:132,1
DA:135,2
DA:139,1
DA:141,2
DA:143,3
LF:56
LH:54
end_of_record
SF:lib\features\tracks_list\presentation\view_templates\tracks_list_directory_template.dart
DA:7,1
LF:1
LH:1
end_of_record
SF:lib\features\tracks_list\init_tracks_list_hive.dart
DA:4,1
DA:5,3
DA:7,1
LF:3
LH:3
end_of_record
