SF:lib\core\utils\test_mode_checker.dart
DA:4,2
DA:5,4
DA:6,6
LF:3
LH:3
end_of_record
SF:lib\features\home\data\data-sources\impl\home_visualizer_platform_data_source_impl.dart
DA:9,1
DA:11,1
DA:12,1
DA:13,3
DA:16,1
DA:18,1
DA:19,1
DA:20,3
LF:8
LH:8
end_of_record
SF:lib\features\home\data\models\home_visualizer_bands_model.dart
DA:4,3
DA:15,2
DA:16,2
DA:17,2
DA:18,2
DA:19,2
DA:20,2
DA:21,2
DA:22,2
DA:23,2
DA:24,2
LF:11
LH:11
end_of_record
SF:lib\features\home\domain\entities\home_visualizer_bands_entity.dart
DA:11,3
LF:1
LH:1
end_of_record
SF:lib\features\home\data\repositories\home_visualizer_repository_impl.dart
DA:9,1
DA:15,1
DA:18,2
DA:20,1
DA:22,3
DA:26,1
DA:29,2
DA:30,1
DA:32,3
LF:9
LH:9
end_of_record
SF:lib\core\errors\failures.dart
DA:6,0
DA:10,0
DA:14,0
DA:15,0
LF:4
LH:0
end_of_record
SF:lib\features\home\domain\use_cases\get_home_visualizer_live_output_audio_stream.dart
DA:9,1
DA:13,1
DA:15,2
LF:3
LH:3
end_of_record
SF:lib\features\home\domain\use_cases\get_home_visualizer_perceptual_bands_stream.dart
DA:10,1
DA:13,1
DA:15,2
LF:3
LH:3
end_of_record
SF:lib\features\home\services\home_audio_bands_service_impl.dart
DA:14,1
DA:17,1
DA:18,2
DA:20,1
DA:22,3
DA:24,6
DA:25,3
DA:26,2
DA:31,0
DA:33,0
DA:34,0
DA:37,0
DA:39,0
DA:40,0
LF:14
LH:8
end_of_record
SF:lib\features\home\presentation\state_controllers\home_visualizer_state_controller.dart
DA:11,0
DA:13,0
DA:24,1
DA:43,0
DA:44,1
DA:45,2
DA:47,1
DA:48,2
DA:50,0
DA:52,0
DA:53,0
DA:54,0
DA:56,0
DA:58,0
DA:63,0
DA:64,0
DA:65,0
DA:66,0
DA:67,0
DA:73,0
DA:76,0
DA:78,0
DA:79,0
DA:80,0
DA:83,1
DA:85,2
DA:87,5
DA:88,2
DA:92,1
DA:94,2
DA:95,1
DA:96,2
DA:97,3
DA:109,0
DA:117,0
DA:123,0
DA:125,0
DA:126,0
DA:127,0
DA:132,0
DA:133,0
DA:134,0
DA:138,0
DA:139,0
DA:143,0
DA:144,0
DA:145,0
DA:146,0
DA:151,0
DA:152,0
DA:153,0
DA:154,0
DA:155,0
LF:53
LH:14
end_of_record
SF:lib\core\theme\color_palette.dart
DA:37,0
DA:42,0
LF:2
LH:0
end_of_record
SF:lib\shared\widgets\failure_widget.dart
DA:7,1
DA:10,1
DA:12,1
DA:13,1
DA:15,1
DA:17,3
DA:18,4
LF:7
LH:7
end_of_record
SF:lib\shared\utils\custom_dialogs.dart
DA:5,1
DA:6,3
LF:2
LH:2
end_of_record
SF:lib\shared\widgets\custom_loading_widget.dart
DA:4,0
DA:6,0
LF:2
LH:0
end_of_record
SF:lib\shared\entities\audio_item_entity.dart
DA:19,5
DA:29,2
DA:30,2
DA:31,2
DA:32,2
DA:33,2
DA:34,2
DA:35,2
DA:36,2
DA:37,0
LF:10
LH:9
end_of_record
SF:lib\shared\models\audio_item_model.dart
DA:32,4
DA:42,3
DA:43,3
DA:44,3
DA:45,3
DA:46,3
DA:47,3
DA:48,3
DA:49,3
DA:50,3
DA:54,3
DA:56,3
DA:57,3
DA:58,3
DA:59,3
DA:60,3
DA:61,3
DA:62,3
DA:63,3
DA:67,2
DA:68,2
DA:69,2
DA:70,2
DA:71,2
DA:72,2
DA:73,2
DA:74,2
DA:75,0
LF:28
LH:27
end_of_record
SF:lib\shared\models\audio_item_model.g.dart
DA:13,0
DA:15,0
DA:16,0
DA:17,0
DA:19,0
DA:20,0
DA:21,0
DA:22,0
DA:23,0
DA:24,0
DA:25,0
DA:26,0
DA:30,0
DA:33,0
DA:34,0
DA:35,0
DA:36,0
DA:37,0
DA:38,0
DA:39,0
DA:40,0
DA:41,0
DA:42,0
DA:43,0
DA:44,0
DA:45,0
DA:46,0
DA:47,0
DA:50,0
DA:51,0
DA:53,0
DA:56,0
DA:57,0
DA:58,0
LF:34
LH:0
end_of_record
SF:lib\features\music_player\data\data_sources\impls\music_player_data_source_impl.dart
DA:13,1
DA:17,0
DA:20,1
DA:22,3
DA:25,1
DA:27,3
DA:30,0
DA:35,1
DA:37,4
DA:38,4
DA:41,1
DA:43,3
DA:44,3
DA:46,1
LF:14
LH:12
end_of_record
SF:lib\features\music_player\data\models\music_player_play_list_model.dart
DA:15,2
DA:17,2
DA:18,2
DA:19,2
DA:20,8
DA:24,1
DA:26,7
LF:7
LH:7
end_of_record
SF:lib\features\music_player\data\models\music_player_play_list_model.g.dart
DA:14,0
DA:16,0
DA:17,0
DA:18,0
DA:20,0
DA:21,0
DA:22,0
DA:26,0
DA:29,0
DA:30,0
DA:31,0
DA:32,0
DA:33,0
DA:36,0
DA:37,0
DA:39,0
DA:42,0
DA:43,0
DA:44,0
LF:19
LH:0
end_of_record
SF:lib\features\music_player\domain\entities\music_player_play_list_entity.dart
DA:8,2
LF:1
LH:1
end_of_record
SF:lib\features\music_player\data\repositories\music_player_repository_impl.dart
DA:9,1
DA:15,1
DA:18,2
DA:19,1
DA:22,1
DA:24,3
DA:28,1
DA:31,2
DA:33,2
DA:35,3
DA:39,1
DA:42,2
DA:44,1
DA:46,3
DA:50,1
DA:53,2
DA:55,1
DA:57,3
LF:18
LH:18
end_of_record
SF:lib\features\music_player\domain\entities\music_player_controls_entity.dart
DA:5,2
LF:1
LH:1
end_of_record
SF:lib\features\music_player\domain\use_cases\music_player_get_last_saved_playlist_uc.dart
DA:8,1
DA:11,1
DA:13,2
LF:3
LH:3
end_of_record
SF:lib\features\music_player\domain\use_cases\music_player_get_saved_controls_uc.dart
DA:8,1
DA:10,1
DA:12,2
LF:3
LH:3
end_of_record
SF:lib\features\music_player\domain\use_cases\music_player_save_controls_uc.dart
DA:8,1
DA:10,1
DA:12,2
DA:20,2
LF:4
LH:4
end_of_record
SF:lib\features\music_player\domain\use_cases\music_player_save_current_play_list_uc.dart
DA:8,1
DA:11,1
DA:13,2
LF:3
LH:3
end_of_record
SF:lib\features\music_player\services\music_player_service_impl.dart
DA:32,1
DA:46,0
DA:47,0
DA:49,0
DA:50,0
DA:52,1
DA:53,2
DA:55,1
DA:56,2
DA:58,0
DA:59,0
DA:61,0
DA:62,0
DA:64,0
DA:65,0
DA:67,1
DA:68,2
DA:70,0
DA:71,0
DA:73,0
DA:75,0
DA:76,0
DA:79,0
DA:80,0
DA:81,0
DA:82,0
DA:83,0
DA:84,0
DA:88,0
DA:89,0
DA:90,0
DA:91,0
DA:94,0
DA:95,0
DA:97,0
DA:98,0
DA:102,0
DA:103,0
DA:104,0
DA:108,0
DA:109,0
DA:112,0
DA:113,0
DA:115,0
DA:117,0
DA:118,0
DA:122,0
DA:123,0
DA:124,0
DA:128,0
DA:129,0
DA:130,0
DA:132,0
DA:133,0
DA:137,1
DA:139,3
DA:141,1
DA:142,0
DA:143,0
DA:145,1
DA:146,2
DA:151,1
DA:153,3
DA:155,1
DA:156,1
DA:157,3
DA:159,1
DA:160,3
DA:161,4
DA:162,4
DA:163,4
DA:168,1
DA:170,2
DA:172,8
DA:175,1
DA:177,2
DA:178,9
DA:179,1
DA:180,1
DA:183,1
DA:184,2
DA:185,4
DA:188,0
DA:190,0
DA:191,0
DA:192,0
DA:194,0
DA:199,0
DA:201,0
DA:204,0
DA:206,0
DA:209,1
DA:211,3
DA:213,3
DA:214,0
DA:218,3
DA:220,4
DA:223,1
DA:225,1
DA:227,2
DA:229,4
DA:232,0
DA:234,0
DA:237,0
DA:239,0
DA:240,0
DA:243,0
DA:245,0
DA:246,0
DA:249,1
DA:251,1
DA:252,2
DA:253,3
DA:256,2
DA:258,6
DA:261,0
DA:263,0
DA:264,0
DA:265,0
DA:266,0
DA:267,0
LF:121
LH:48
end_of_record
SF:lib\features\tracks_list\data\data_sources\impls\tracks_list_data_source_impl.dart
DA:20,2
DA:25,0
DA:28,1
DA:30,2
DA:36,1
DA:41,2
DA:44,2
DA:47,1
DA:48,2
DA:49,2
DA:50,2
DA:51,1
DA:55,1
DA:56,2
DA:57,3
DA:58,3
DA:60,1
DA:64,2
DA:65,1
DA:67,1
DA:71,1
DA:73,2
DA:74,2
DA:79,1
DA:80,1
DA:81,1
DA:83,1
DA:87,1
DA:89,1
DA:90,0
DA:92,1
DA:97,1
DA:98,2
DA:100,3
DA:102,4
DA:103,1
DA:104,1
DA:105,1
DA:106,1
DA:107,3
DA:108,3
DA:109,3
DA:116,1
DA:118,2
DA:121,1
DA:123,3
DA:125,2
DA:126,3
DA:128,1
DA:129,3
DA:131,1
DA:132,5
DA:134,1
DA:135,3
DA:136,1
DA:144,1
DA:146,1
DA:149,2
DA:153,1
DA:154,3
DA:155,5
DA:156,1
DA:161,1
DA:163,1
DA:165,1
DA:168,1
DA:170,3
DA:172,2
DA:173,2
DA:174,1
DA:176,2
DA:178,5
DA:180,4
DA:181,7
DA:183,1
DA:184,2
DA:185,1
DA:186,2
DA:189,2
DA:191,2
DA:194,1
DA:195,2
DA:196,5
DA:199,2
DA:201,2
DA:206,1
DA:208,7
DA:210,6
DA:212,1
DA:214,1
DA:216,2
DA:218,2
DA:220,2
DA:222,2
LF:94
LH:92
end_of_record
SF:lib\features\tracks_list\data\models\tracks_list_directory_model.dart
DA:22,3
DA:29,2
DA:30,2
DA:31,2
DA:32,2
DA:33,2
DA:34,8
DA:38,1
DA:40,1
DA:41,1
DA:42,1
DA:43,1
DA:44,5
LF:13
LH:13
end_of_record
SF:lib\features\tracks_list\data\models\tracks_list_directory_model.g.dart
DA:14,0
DA:16,0
DA:17,0
DA:18,0
DA:20,0
DA:21,0
DA:22,0
DA:23,0
DA:24,0
DA:28,0
DA:31,0
DA:32,0
DA:33,0
DA:34,0
DA:35,0
DA:36,0
DA:37,0
DA:38,0
DA:39,0
DA:42,0
DA:43,0
DA:45,0
DA:48,0
DA:49,0
DA:50,0
LF:25
LH:0
end_of_record
SF:lib\features\tracks_list\domain\entities\tracks_list_directory_entity.dart
DA:12,1
LF:1
LH:1
end_of_record
SF:lib\features\tracks_list\data\repositories\tracks_list_repository_impl.dart
DA:10,2
DA:16,1
DA:19,2
DA:20,2
DA:22,3
DA:26,1
DA:29,3
DA:31,1
DA:33,3
DA:37,1
DA:40,2
DA:42,5
DA:44,3
DA:48,1
DA:51,2
DA:53,1
DA:55,3
DA:59,1
DA:62,2
DA:64,1
DA:66,3
DA:70,1
DA:73,2
DA:74,1
DA:76,3
DA:80,1
DA:85,2
DA:86,1
DA:88,3
LF:29
LH:29
end_of_record
SF:lib\features\tracks_list\domain\use_cases\delete_tracks_list_directory.dart
DA:8,2
DA:11,1
DA:13,2
LF:3
LH:3
end_of_record
SF:lib\features\tracks_list\domain\use_cases\get_track_list_directories.dart
DA:9,2
DA:11,1
DA:15,2
LF:3
LH:3
end_of_record
SF:lib\features\tracks_list\domain\use_cases\is_tracks_list_directory_exists.dart
DA:8,2
DA:11,1
DA:13,2
LF:3
LH:3
end_of_record
SF:lib\features\tracks_list\domain\use_cases\pick_tracks_list_directory.dart
DA:10,2
DA:11,1
DA:15,2
LF:3
LH:3
end_of_record
SF:lib\features\tracks_list\domain\use_cases\save_tracks_list_directory.dart
DA:8,2
DA:10,1
DA:12,2
LF:3
LH:3
end_of_record
SF:lib\features\tracks_list\domain\use_cases\tracks_list_sync_audios_uc.dart
DA:8,2
DA:10,1
DA:12,2
LF:3
LH:3
end_of_record
SF:lib\features\tracks_list\domain\use_cases\tracks_list_toggle_audio_favorite.dart
DA:9,2
DA:12,1
DA:14,2
DA:22,2
LF:4
LH:4
end_of_record
SF:lib\features\tracks_list\presentation\bindings\tracks_list_bindings.dart
DA:12,1
DA:18,1
DA:21,2
DA:24,1
DA:25,1
DA:26,1
DA:30,1
DA:32,1
DA:36,1
DA:37,1
DA:38,1
DA:39,1
DA:40,1
DA:41,1
DA:42,1
DA:45,2
DA:46,1
DA:55,1
LF:18
LH:18
end_of_record
SF:lib\features\tracks_list\presentation\state_controllers\tracks_list_state_controller.dart
DA:22,2
DA:43,1
DA:45,2
DA:48,2
DA:49,0
DA:51,1
DA:53,1
DA:54,1
DA:55,0
DA:59,1
DA:61,2
DA:63,1
DA:65,2
DA:68,1
DA:69,2
DA:71,2
DA:73,1
DA:74,1
DA:75,2
DA:77,1
DA:79,3
DA:80,1
DA:85,2
DA:88,1
DA:89,4
DA:91,1
DA:92,1
DA:93,2
DA:95,1
DA:96,2
DA:101,1
DA:102,1
DA:104,3
DA:106,1
DA:108,2
DA:111,5
DA:113,2
DA:114,2
DA:118,1
DA:119,4
DA:120,2
DA:121,4
DA:124,1
DA:126,2
DA:128,5
DA:131,1
DA:133,3
DA:135,2
DA:137,5
DA:138,1
DA:139,2
DA:140,2
DA:141,1
DA:142,1
DA:145,2
DA:149,1
DA:151,2
DA:153,3
DA:156,1
DA:157,2
DA:159,1
DA:160,1
DA:161,2
DA:163,1
DA:164,7
DA:165,2
DA:166,7
DA:168,1
DA:170,3
DA:171,2
DA:172,3
DA:175,2
LF:72
LH:70
end_of_record
SF:lib\features\tracks_list\presentation\view_templates\tracks_list_directory_template.dart
DA:7,1
LF:1
LH:1
end_of_record
SF:lib\features\tracks_list\init_tracks_list_hive.dart
DA:5,1
DA:6,3
DA:8,1
LF:3
LH:3
end_of_record
